88
##start
Nm_4 3 3
##end
Hjn0 7 7
Sbr2 10 10
Iuo0 11 11
Nwv3 15 15
Dit6 18 18
Awz2 19 19
Kxi5 23 23
Uxs0 25 25
Qcl1 28 28
Bae2 31 31
E_g2 35 35
Orw4 39 39
Dd_9 43 43
Spq5 46 46
Ppu4 47 47
Mpz4 51 51
Dec0 54 54
Jih8 56 56
Cb_7 59 59
Fna7 62 62
Jqx7 65 65
Gsy1 67 67
Jbx0 72 72
Pro3 76 76
Dey5 79 79
Dec6 82 82
Ixx6 86 86
Tuo3 87 87
Idm4 91 91
Zlg7 95 95
A_y5 100 100
Fxp5 103 103
Ut_9 104 104
Drj3 105 105
Rjq2 109 109
Ezq1 112 112
Eco8 114 114
Zsy5 116 116
Plp0 120 120
Wkh7 124 124
U_a8 126 126
Iyy0 128 128
Dz_1 129 129
Crp7 130 130
Krg0 134 134
Fji4 137 137
Naf7 140 140
K_b5 142 142
Rdf5 144 144
Djq1 145 145
Cui1 148 148
Maf0 152 152
Esz5 155 155
Rqa6 157 157
Xal9 161 161
Huz9 164 164
Wds5 165 165
Zky4 167 167
Sv_9 170 170
Wzo0 171 171
Vty7 173 173
Jvp3 176 176
Wak3 181 181
Ndr0 184 184
Ipf4 188 188
Juj9 189 189
Psp6 191 191
Vse7 195 195
Npu5 197 197
Esl6 201 201
Dee9 205 205
Mfz8 206 206
Nsu9 209 209
Qmn5 213 213
Xor2 216 216
Kle5 220 220
Max9 223 223
Suz2 226 226
F_i4 230 230
Qcm3 233 233
H_g2 237 237
Azs5 239 239
Sd_7 244 244
Abe0 247 247
Hbi5 250 250
Gsf0 254 254
Jus4 258 258
Cey0 263 263
Zmu5 268 268
Dbn6 272 272
Mur8 274 274
Zr_2 275 275
Sir0 278 278
Xqu4 283 283
Hbd2 285 285
Pcj2 288 288
Ckr4 290 290
G_q2 294 294
Fgu4 295 295
Etc5 300 300
H_f2 303 303
Avy6 307 307
K_e7 311 311
Yex0 313 313
Neu1 315 315
Trg6 318 318
N_j2 321 321
M__5 324 324
Pcn6 326 326
Wfn6 331 331
Rac7 335 335
Kxr4 339 339
Xyx6 341 341
Cn_9 344 344
Mpg6 347 347
Mpm2 352 352
Xej8 353 353
Pny9 355 355
Abp6 358 358
Vtz0 361 361
U_f0 365 365
M_p6 370 370
Hgn8 373 373
Nj_1 375 375
C_h3 380 380
Qwv9 383 383
Vqd3 388 388
Dut7 389 389
Zrn6 393 393
Sqo8 395 395
Byd5 397 397
Gfz1 401 401
C_i4 403 403
Bec2 407 407
E_c9 411 411
G_l6 413 413
Sae2 415 415
Sw_7 416 416
Jxn2 418 418
Bnz9 422 422
Dcp9 426 426
Nus1 429 429
Qlk2 434 434
Bey2 437 437
Frs5 442 442
Gp_8 445 445
Brp5 446 446
Gyr9 449 449
P__6 453 453
Djd2 456 456
Qsv1 461 461
Hyb3 466 466
Pyq8 467 467
O_q2 472 472
Yjz1 475 475
Oiy6 476 476
Kl_3 480 480
Kdo8 484 484
Ngk0 486 486
Yco7 489 489
Xqn4 492 492
Akz0 496 496
P_u3 499 499
Y_e0 502 502
Juh7 504 504
Iid6 506 506
Ukj7 511 511
Qii2 512 512
Kcn5 515 515
Tjr6 518 518
Cwo7 520 520
Es_5 521 521
K_o6 525 525
Xpk2 527 527
Jsr2 530 530
Apu6 532 532
Aod5 535 535
Mge5 537 537
Bcc8 540 540
Cpz7 542 542
Sun8 546 546
Ydz4 547 547
Apm1 550 550
Yqr2 553 553
Fhr9 556 556
Tar0 559 559
Bkt8 562 562
Oxz5 567 567
Mq_2 570 570
R_n3 572 572
Bcf4 575 575
Wcl2 578 578
Rj_3 581 581
Uup1 584 584
Efe1 585 585
Cdg8 587 587
Xbn0 590 590
Qww6 592 592
Euo9 595 595
Rsb5 599 599
Ejn9 602 602
Jxl1 607 607
Iwb2 611 611
Sgo3 614 614
Dcl4 619 619
Q__3 622 622
Wan1 623 623
Ddh5 626 626
Gix7 627 627
Evd5 629 629
Hmy1 631 631
Vty9 634 634
Mqd5 637 637
Hwf5 639 639
Kee3 640 640
Hwu2 643 643
K_c8 646 646
Ygg8 650 650
Bxs5 653 653
Eoh6 656 656
Zzr5 659 659
Mwh4 662 662
Cgl5 665 665
Vvm0 669 669
Rmc0 672 672
Uwr3 675 675
Grx0 680 680
K_h9 685 685
Vwm4 688 688
Hpw3 692 692
Cfo8 694 694
R__3 699 699
Bmg4 702 702
Gbn1 705 705
Cpn7 709 709
Jcq0 712 712
Tsk3 715 715
Zzi5 719 719
Gop9 722 722
Okp9 725 725
Bhn0 728 728
Bm_2 733 733
Ngw0 735 735
Yud2 738 738
Ws_3 741 741
Rp_4 746 746
Dqh4 750 750
Ckw4 753 753
Jjj2 759 759
Iws2 760 760
Pp_4 764 764
Oup5 767 767
Png6 772 772
Ckn4 775 775
Kbw4 780 780
Gsj3 782 782
Nlo9 786 786
Zyg5 791 791
Z_j8 793 793
Hcx1 798 798
Nvb8 801 801
Rwe9 805 805
Sss5 808 808
F_z4 811 811
Zhj5 814 814
Un_2 818 818
Vus3 822 822
Yqm2 824 824
Jkl8 827 827
Ybd6 830 830
Xo_7 832 832
Xga5 835 835
P__5 836 836
Gxl4 840 840
Mrc0 842 842
Ble3 845 845
Ssv5 848 848
Nbt1 852 852
Nwk7 853 853
Bwu8 857 857
Dvo1 860 860
Tni1 865 865
Stl3 866 866
Ply1 870 870
Beq7 874 874
Stn8 878 878
B_h5 882 882
B_s4 884 884
Tvd5 888 888
Qln7 891 891
Emn2 892 892
Jua0 895 895
Mfd2 899 899
Gdg2 904 904
D_p3 907 907
Hqg3 911 911
Apv2 915 915
V_i2 917 917
Qis5 919 919
Qtf3 922 922
Ygx6 924 924
E_q8 927 927
Aup8 928 928
Mrd3 931 931
Iwr9 933 933
Mgo3 935 935
Hyl8 936 936
B_f1 937 937
Skr6 939 939
Jlm5 943 943
R_g6 944 944
Wat4 949 949
Kjl0 953 953
Gab5 956 956
Vyp0 959 959
N_r7 961 961
Kcj7 964 964
Gbz3 968 968
Ov_7 971 971
Rxu8 974 974
Mbn5 975 975
F_p7 978 978
Ssn0 980 980
C_j1 982 982
Tda6 985 985
Eqy4 987 987
Hvf7 991 991
Etm1 994 994
Fpm9 997 997
Z_x4 1000 1000
Cny4 1004 1004
Bhn7 1007 1007
U_t1 1009 1009
Yvn6 1013 1013
Sv_3 1016 1016
Yzj2 1018 1018
Wwi3 1023 1023
Rpt9 1025 1025
W_e6 1028 1028
Mez4 1031 1031
Ktc5 1035 1035
Oil9 1039 1039
Afh6 1040 1040
Tbv7 1043 1043
Crw5 1048 1048
Nur5 1050 1050
Wuo6 1055 1055
Yyp3 1059 1059
Bmo5 1064 1064
Stz8 1067 1067
Dpa0 1072 1072
Xug0 1076 1076
Kpx3 1077 1077
Z_k1 1081 1081
Nul1 1083 1083
Fvx7 1087 1087
Xkj6 1090 1090
Jn_6 1092 1092
Omy6 1097 1097
Jog9 1098 1098
Rge7 1101 1101
Ngk3 1105 1105
M_y2 1108 1108
Svw8 1112 1112
Axo5 1114 1114
Bkx1 1115 1115
Ofn1 1120 1120
Urv8 1124 1124
Ews2 1128 1128
Mpv2 1132 1132
N_c1 1134 1134
Xnp7 1136 1136
Pxz7 1137 1137
Wgc9 1141 1141
Xf_2 1144 1144
Zmj0 1148 1148
Brk0 1152 1152
Aak8 1155 1155
Noh6 1159 1159
Eex0 1162 1162
Tae1 1166 1166
Qsy6 1168 1168
Ay_7 1169 1169
Zmi0 1174 1174
R_u1 1177 1177
Djv8 1182 1182
Utd6 1184 1184
Cvc8 1189 1189
Zxr1 1192 1192
Arx0 1196 1196
S_e7 1198 1198
Xuw6 1202 1202
Gch1 1203 1203
Kuv7 1206 1206
Ouc5 1209 1209
Qb_9 1213 1213
Yme1 1218 1218
Jwx5 1222 1222
Onc5 1225 1225
Wpb1 1230 1230
Zuh8 1235 1235
Rcj1 1237 1237
Ixl0 1238 1238
Nuk5 1240 1240
Xux5 1243 1243
Swl9 1248 1248
Ftg8 1251 1251
Wlv8 1253 1253
Rtk7 1257 1257
Okv0 1258 1258
Dhf1 1261 1261
D_h8 1265 1265
Vdr5 1267 1267
Elu0 1270 1270
Ehf0 1273 1273
R_k2 1276 1276
Nqm4 1277 1277
Ejl2 1280 1280
Cuh6 1284 1284
Fvf1 1286 1286
H_g8 1287 1287
Xyf8 1290 1290
Nsi2 1294 1294
Ikn3 1298 1298
Cgs2 1302 1302
Pl_2 1305 1305
Xo_1 1309 1309
Axf6 1311 1311
D_e9 1314 1314
Dpp9 1316 1316
Mwo0 1320 1320
X_m4 1323 1323
Dtj3 1324 1324
Xak6 1328 1328
Ybi6 1331 1331
Jby0 1335 1335
Bdt7 1340 1340
Oeo6 1342 1342
Kmq1 1343 1343
Do_7 1347 1347
Cta7 1350 1350
Uei0 1352 1352
Fsu1 1353 1353
Bgf2 1358 1358
Mmo6 1362 1362
Pf_1 1365 1365
Tg_9 1367 1367
Ypf0 1368 1368
Wly0 1371 1371
Pdk4 1375 1375
Rmx7 1379 1379
Ziv2 1383 1383
Vob4 1386 1386
Kuh4 1390 1390
Aac8 1393 1393
Goo3 1395 1395
Kt_1 1399 1399
Jhm3 1403 1403
Erc7 1405 1405
Uit0 1409 1409
P_o8 1411 1411
Gea0 1415 1415
Ykp0 1418 1418
Vxs1 1421 1421
Psl8 1424 1424
Ppq7 1428 1428
Nig8 1431 1431
Ubw8 1432 1432
J_r3 1437 1437
Uqr7 1441 1441
Wha7 1444 1444
Nyo9 1445 1445
Nry8 1447 1447
Pnk4 1449 1449
Thk9 1452 1452
Bvd0 1454 1454
Yjj3 1456 1456
Ngk3-Iuo0
Ygg8-Nwv3
Iwb2-Pnk4
Kmq1-Awz2
Z_x4-Nyo9
Jqx7-Uxs0
Cpn7-Qcl1
Qsv1-Wha7
Xej8-Bae2
Gea0-E_g2
Bey2-Dd_9
Wak3-Spq5
Rac7-Dec0
P__5-Gea0
Ay_7-Jqx7
Jus4-Jbx0
Wgc9-P_o8
Ipf4-Dey5
Tuo3-Ixx6
Idm4-Tuo3
Fxp5-A_y5
Ut_9-Erc7
Drj3-Ut_9
Ezq1-Rjq2
Eco8-Ezq1
Zsy5-Eco8
Plp0-Zsy5
Jhm3-Plp0
Iyy0-U_a8
Crp7-Dz_1
Krg0-Crp7
Naf7-Fji4
Kt_1-Naf7
Rdf5-K_b5
Esz5-Maf0
Rqa6-Goo3
Xal9-Rqa6
Aac8-Xal9
Huz9-Aac8
Vob4-Kuh4
Ziv2-Vob4
Rmx7-Ziv2
Pdk4-Rmx7
Wly0-Pdk4
Wds5-Wly0
Ypf0-Wds5
Zky4-Ypf0
Ndr0-Wak3
Ipf4-Tg_9
Psp6-Juj9
Dee9-Esl6
Mfz8-Dee9
Mmo6-Nsu9
Qmn5-Mmo6
Xor2-Qmn5
Kle5-Xor2
Max9-Kle5
Bgf2-Max9
Suz2-Bgf2
Uei0-Fsu1
Azs5-H_g2
Abe0-Sd_7
Cta7-Hbi5
Gsf0-Do_7
Oeo6-Kmq1
Jus4-Dtj3
X_m4-Jus4
Dpp9-Mwo0
Cey0-Dpp9
Dbn6-Zmu5
D_e9-Dbn6
Nm_4-Mur8
Xo_1-Zr_2
Pl_2-Xo_1
Cgs2-Pl_2
Hbd2-Xqu4
Ckr4-Ikn3
H_g8-G_q2
Nqm4-Ejl2
Etc5-Nqm4
Avy6-H_f2
K_e7-Avy6
Ehf0-K_e7
Vdr5-Elu0
Yex0-Vdr5
D_h8-Yex0
Neu1-D_h8
Trg6-Dhf1
N_j2-Trg6
M__5-N_j2
Pcn6-M__5
Okv0-Pcn6
Rac7-Wfn6
Kxr4-Wlv8
Ftg8-Kxr4
Swl9-Ftg8
Xux5-Swl9
Ixl0-Nuk5
Rcj1-Ixl0
Nm_4-Rcj1
Onc5-Wpb1
Xyx6-Jwx5
Mpm2-Yme1
Abp6-Qb_9
Vtz0-Abp6
C_h3-Nj_1
Xuw6-Gch1
Vqd3-Xuw6
Dut7-Vqd3
S_e7-Zrn6
Arx0-S_e7
Cvc8-Zxr1
Byd5-Djv8
Zmi0-R_u1
C_i4-Qsy6
Tae1-C_i4
Eex0-Tae1
Noh6-Eex0
Nm_4-Noh6
Brk0-Aak8
G_l6-Zmj0
Xf_2-G_l6
Sae2-Xf_2
Wgc9-Sae2
Pxz7-Wgc9
N_c1-Xnp7
Jxn2-N_c1
Bnz9-Jxn2
Mpv2-Bnz9
Ews2-Dcp9
Nus1-Urv8
Qlk2-Ofn1
Bkx1-Qlk2
Axo5-Bkx1
Bey2-Hjn0
Frs5-Bey2
Brp5-Gp_8
Gyr9-Brp5
Ngk3-M_y2
P__6-Jog9
Omy6-P__6
Qsv1-Djd2
Hyb3-Qsv1
Pyq8-Hyb3
Jn_6-Pyq8
Nm_4-Xkj6
O_q2-Nul1
Z_k1-Kl_3
Xug0-Kpx3
Bmo5-Stz8
Wuo6-Yyp3
Yco7-Nur5
Xqn4-Yco7
Akz0-Xqn4
Nm_4-Akz0
Y_e0-P_u3
Crw5-Juh7
Tbv7-Crw5
Ktc5-Oil9
Mez4-Ktc5
Qii2-Rpt9
Kcn5-Wwi3
Yvn6-Sv_3
Bhn7-U_t1
Cny4-Hjn0
Fpm9-Z_x4
Tjr6-Fpm9
K_o6-Es_5
Eqy4-Apu6
Aod5-C_j1
Mge5-Aod5
Ssn0-Bcc8
F_p7-Cpz7
Mbn5-F_p7
Fhr9-Yqr2
Rxu8-Fhr9
Ov_7-Rxu8
Tar0-Ov_7
Vyp0-Bkt8
Oxz5-Gab5
R_n3-Mq_2
Wat4-Kjl0
Bcf4-Wat4
R_g6-Bcf4
Wcl2-Jlm5
Jjj2-Hjn0
Cdg8-Skr6
Mgo3-Hyl8
Xbn0-Mgo3
Qww6-Xbn0
Iwb2-Hjn0
E_q8-Iwb2
Ygx6-Sgo3
Dcl4-Ygx6
Q__3-Dcl4
Wan1-Q__3
Qtf3-Ddh5
Hmy1-Evd5
Qis5-Hmy1
Vty9-Qis5
Hwf5-Apv2
Hqg3-Hwf5
D_p3-Hqg3
Nm_4-Gdg2
Mfd2-Hjn0
Kee3-Jua0
Emn2-Kee3
Tvd5-Qln7
B_s4-Tvd5
K_c8-Hwu2
B_h5-K_c8
Ygg8-B_h5
Stn8-Ygg8
Beq7-Stn8
Bxs5-Beq7
Ply1-Bxs5
Stl3-Ply1
Nm_4-Eoh6
Dvo1-Hjn0
Vvm0-Cgl5
Rmc0-Vvm0
Ssv5-Nbt1
Ble3-Ssv5
Vwm4-Ble3
Hpw3-Vwm4
Nm_4-Hpw3
Cfo8-Mrc0
Gxl4-Cfo8
R__3-P__5
Bmg4-Xga5
Ybd6-Xo_7
Gbn1-Ybd6
Jcq0-Cpn7
Jkl8-Jcq0
Yqm2-Jkl8
F_z4-Zhj5
Zzi5-F_z4
Gop9-Zzi5
Sss5-Gop9
Nm_4-Sss5
Rwe9-Hjn0
Okp9-Nvb8
Bhn0-Okp9
Bm_2-Zyg5
Ckn4-Kbw4
Pp_4-Oup5
Dqh4-Pp_4
Ckw4-Dqh4
Iws2-Ckw4
Nm_4-Iws2
Oup5-Png6
Png6-Ckn4
Kbw4-Rp_4
Rp_4-Ws_3
Ws_3-Gsj3
Gsj3-Yud2
Yud2-Ngw0
Ngw0-Nlo9
Nlo9-Bm_2
Zyg5-Z_j8
Z_j8-Hcx1
Hcx1-Bhn0
Nvb8-Rwe9
Zhj5-Un_2
Un_2-Vus3
Vus3-Tsk3
Tsk3-Yqm2
Cpn7-Gbn1
Xo_7-Bmg4
Xga5-R__3
P__5-Gxl4
Mrc0-Hjn0
Nbt1-K_h9
K_h9-Grx0
Grx0-Nwk7
Nwk7-Uwr3
Uwr3-Rmc0
Cgl5-Mwh4
Mwh4-Zzr5
Zzr5-Bwu8
Bwu8-Dvo1
Eoh6-Tni1
Tni1-Stl3
Hwu2-B_s4
Qln7-Emn2
Jua0-Mfd2
Gdg2-D_p3
Apv2-V_i2
V_i2-Mqd5
Mqd5-Vty9
Evd5-Gix7
Gix7-Qtf3
Ddh5-Wan1
Sgo3-E_q8
Nm_4-Aup8
Aup8-Mrd3
Mrd3-Jxl1
Jxl1-Ejn9
Ejn9-Rsb5
Rsb5-Iwr9
Iwr9-Euo9
Euo9-Qww6
Hyl8-B_f1
B_f1-Cdg8
Skr6-Efe1
Efe1-Jjj2
Nm_4-Uup1
Uup1-Rj_3
Rj_3-Wcl2
Jlm5-R_g6
Kjl0-R_n3
Mq_2-Oxz5
Gab5-Vyp0
Bkt8-N_r7
N_r7-Kcj7
Kcj7-Gbz3
Gbz3-Tar0
Yqr2-Apm1
Apm1-Ydz4
Ydz4-Hjn0
Nm_4-Sun8
Sun8-Mbn5
Cpz7-Ssn0
Bcc8-Mge5
C_j1-Tda6
Tda6-Eqy4
Apu6-Hvf7
Hvf7-Jsr2
Jsr2-Xpk2
Xpk2-K_o6
Es_5-Etm1
Etm1-Cwo7
Cwo7-Tjr6
Z_x4-Cny4
Nm_4-Bhn7
U_t1-Yvn6
Sv_3-Yzj2
Yzj2-Kcn5
Wwi3-Qii2
Rpt9-Ukj7
Ukj7-W_e6
W_e6-Mez4
Oil9-Iid6
Iid6-Afh6
Afh6-Tbv7
Juh7-Y_e0
P_u3-Hjn0
Nur5-Ngk0
Ngk0-Kdo8
Kdo8-Wuo6
Yyp3-Bmo5
Stz8-Dpa0
Dpa0-Xug0
Kpx3-Z_k1
Kl_3-Oiy6
Oiy6-Yjz1
Yjz1-O_q2
Nul1-Fvx7
Fvx7-Hjn0
Xkj6-Jn_6
Djd2-Omy6
Jog9-Rge7
Rge7-Ngk3
M_y2-Gyr9
Gp_8-Svw8
Svw8-Frs5
Nm_4-Axo5
Ofn1-Nus1
Urv8-Ews2
Dcp9-Mpv2
Xnp7-Sw_7
Sw_7-Pxz7
Zmj0-E_c9
E_c9-Bec2
Bec2-Brk0
Aak8-Hjn0
Qsy6-Ay_7
Ay_7-Zmi0
R_u1-Gfz1
Gfz1-Byd5
Djv8-Utd6
Utd6-Cvc8
Zxr1-Sqo8
Sqo8-Arx0
Zrn6-Dut7
Gch1-Kuv7
Kuv7-Qwv9
Qwv9-Ouc5
Ouc5-C_h3
Nj_1-Hgn8
Hgn8-M_p6
M_p6-U_f0
U_f0-Vtz0
Qb_9-Pny9
Pny9-Xej8
Xej8-Mpm2
Yme1-Mpg6
Mpg6-Cn_9
Cn_9-Xyx6
Jwx5-Onc5
Wpb1-Zuh8
Zuh8-Hjn0
Nuk5-Xux5
Wlv8-Rac7
Wfn6-Rtk7
Rtk7-Okv0
Dhf1-Neu1
Elu0-Ehf0
H_f2-R_k2
R_k2-Etc5
Ejl2-Fgu4
Fgu4-Cuh6
Cuh6-Fvf1
Fvf1-H_g8
G_q2-Xyf8
Xyf8-Nsi2
Nsi2-Ckr4
Ikn3-Pcj2
Pcj2-Hbd2
Xqu4-Sir0
Sir0-Cgs2
Zr_2-Hjn0
Mur8-Axf6
Axf6-D_e9
Zmu5-Cey0
Mwo0-X_m4
Dtj3-Xak6
Xak6-Ybi6
Ybi6-Jby0
Jby0-Bdt7
Bdt7-Oeo6
Kmq1-Gsf0
Do_7-Cta7
Hbi5-Abe0
Sd_7-Azs5
H_g2-Qcm3
Qcm3-Uei0
Fsu1-F_i4
F_i4-Suz2
Nsu9-Mfz8
Esl6-Npu5
Npu5-Vse7
Vse7-Psp6
Juj9-Pf_1
Pf_1-Ipf4
Tg_9-Ndr0
Wak3-Jvp3
Jvp3-Vty7
Vty7-Hjn0
Nm_4-Wzo0
Wzo0-Sv_9
Sv_9-Zky4
Kuh4-Huz9
Goo3-Esz5
Maf0-Cui1
Cui1-Djq1
Djq1-Rdf5
K_b5-Kt_1
Fji4-Krg0
Dz_1-Iyy0
U_a8-Wkh7
Wkh7-Jhm3
Rjq2-Drj3
Erc7-Fxp5
A_y5-Zlg7
Zlg7-Idm4
Ixx6-Hjn0
Uwr3-Dec6
Tvd5-Uit0
R_u1-Pro3
Dcp9-Gsy1
Ov_7-Fna7
Djv8-Ykp0
Emn2-Cb_7
Okp9-Vxs1
Maf0-Psl8
Ngk0-Jih8
Xbn0-Ppq7
Jby0-Nig8
Nj_1-Mpz4
Nj_1-Ppu4
Npu5-Ubw8
B_h5-J_r3
Arx0-Orw4
Rqa6-Uqr7
Cdg8-Kxi5
Rxu8-Nry8
Uit0-Thk9
Dbn6-Bvd0
Cui1-Dit6
Ydz4-Sbr2
A_y5-Yjj3

L0-Sun8 L1-Uup1 L2-Axo5 L3-Hpw3 L4-Aup8 L5-Xkj6 L6-Eoh6 L7-Akz0 L8-Gdg2 L9-Bhn7 L10-Sss5 L11-Iws2
L0-Mbn5 L1-Rj_3 L2-Bkx1 L3-Vwm4 L4-Mrd3 L5-Jn_6 L6-Tni1 L7-Xqn4 L8-D_p3 L9-U_t1 L10-Gop9 L11-Ckw4 L12-Sun8 L13-Uup1 L14-Axo5 L15-Hpw3 L16-Aup8 L17-Xkj6 L18-Eoh6 L19-Akz0 L20-Gdg2 L21-Bhn7 L22-Sss5 L23-Iws2
L0-F_p7 L1-Wcl2 L2-Qlk2 L3-Ble3 L4-Jxl1 L5-Pyq8 L6-Stl3 L7-Yco7 L8-Hqg3 L9-Yvn6 L10-Zzi5 L11-Dqh4 L12-Mbn5 L13-Rj_3 L14-Bkx1 L15-Vwm4 L16-Mrd3 L17-Jn_6 L18-Tni1 L19-Xqn4 L20-D_p3 L21-U_t1 L22-Gop9 L23-Ckw4 L24-Sun8 L25-Uup1 L26-Axo5 L27-Hpw3 L28-Aup8 L29-Xkj6 L30-Eoh6 L31-Akz0 L32-Gdg2 L33-Bhn7 L34-Sss5 L35-Iws2
L0-Cpz7 L1-Jlm5 L2-Ofn1 L3-Ssv5 L4-Ejn9 L5-Hyb3 L6-Ply1 L7-Nur5 L8-Hwf5 L9-Sv_3 L10-F_z4 L11-Pp_4 L12-F_p7 L13-Wcl2 L14-Qlk2 L15-Ble3 L16-Jxl1 L17-Pyq8 L18-Stl3 L19-Yco7 L20-Hqg3 L21-Yvn6 L22-Zzi5 L23-Dqh4 L24-Mbn5 L25-Rj_3 L26-Bkx1 L27-Vwm4 L28-Mrd3 L29-Jn_6 L30-Tni1 L31-Xqn4 L32-D_p3 L33-U_t1 L34-Gop9 L35-Ckw4 L36-Sun8 L37-Uup1 L38-Axo5 L39-Hpw3 L40-Aup8 L41-Xkj6 L42-Eoh6 L43-Akz0 L44-Gdg2 L45-Bhn7 L46-Sss5 L47-Iws2
L0-Ssn0 L1-R_g6 L2-Nus1 L3-Nbt1 L4-Rsb5 L5-Qsv1 L6-Bxs5 L7-Ngk0 L8-Apv2 L9-Yzj2 L10-Zhj5 L11-Oup5 L12-Cpz7 L13-Jlm5 L14-Ofn1 L15-Ssv5 L16-Ejn9 L17-Hyb3 L18-Ply1 L19-Nur5 L20-Hwf5 L21-Sv_3 L22-F_z4 L23-Pp_4 L24-F_p7 L25-Wcl2 L26-Qlk2 L27-Ble3 L28-Jxl1 L29-Pyq8 L30-Stl3 L31-Yco7 L32-Hqg3 L33-Yvn6 L34-Zzi5 L35-Dqh4 L36-Mbn5 L37-Rj_3 L38-Bkx1 L39-Vwm4 L40-Mrd3 L41-Jn_6 L42-Tni1 L43-Xqn4 L44-D_p3 L45-U_t1 L46-Gop9 L47-Ckw4 L48-Sun8 L49-Uup1 L50-Axo5 L51-Hpw3 L52-Aup8 L53-Xkj6 L54-Eoh6 L55-Akz0 L56-Gdg2 L57-Bhn7 L58-Sss5 L59-Iws2
L0-Bcc8 L1-Bcf4 L2-Urv8 L3-K_h9 L4-Iwr9 L5-Djd2 L6-Beq7 L7-Kdo8 L8-V_i2 L9-Kcn5 L10-Un_2 L11-Png6 L12-Ssn0 L13-R_g6 L14-Nus1 L15-Nbt1 L16-Rsb5 L17-Qsv1 L18-Bxs5 L19-Ngk0 L20-Apv2 L21-Yzj2 L22-Zhj5 L23-Oup5 L24-Cpz7 L25-Jlm5 L26-Ofn1 L27-Ssv5 L28-Ejn9 L29-Hyb3 L30-Ply1 L31-Nur5 L32-Hwf5 L33-Sv_3 L34-F_z4 L35-Pp_4 L36-F_p7 L37-Wcl2 L38-Qlk2 L39-Ble3 L40-Jxl1 L41-Pyq8 L42-Stl3 L43-Yco7 L44-Hqg3 L45-Yvn6 L46-Zzi5 L47-Dqh4 L48-Mbn5 L49-Rj_3 L50-Bkx1 L51-Vwm4 L52-Mrd3 L53-Jn_6 L54-Tni1 L55-Xqn4 L56-D_p3 L57-U_t1 L58-Gop9 L59-Ckw4 L60-Sun8 L61-Uup1 L62-Axo5 L63-Hpw3 L64-Aup8 L65-Xkj6 L66-Eoh6 L67-Akz0 L68-Gdg2 L69-Bhn7 L70-Sss5 L71-Iws2
L0-Mge5 L1-Wat4 L2-Ews2 L3-Grx0 L4-Euo9 L5-Omy6 L6-Stn8 L7-Wuo6 L8-Mqd5 L9-Wwi3 L10-Vus3 L11-Ckn4 L12-Bcc8 L13-Bcf4 L14-Urv8 L15-K_h9 L16-Iwr9 L17-Djd2 L18-Beq7 L19-Kdo8 L20-V_i2 L21-Kcn5 L22-Un_2 L23-Png6 L24-Ssn0 L25-R_g6 L26-Nus1 L27-Nbt1 L28-Rsb5 L29-Qsv1 L30-Bxs5 L31-Ngk0 L32-Apv2 L33-Yzj2 L34-Zhj5 L35-Oup5 L36-Cpz7 L37-Jlm5 L38-Ofn1 L39-Ssv5 L40-Ejn9 L41-Hyb3 L42-Ply1 L43-Nur5 L44-Hwf5 L45-Sv_3 L46-F_z4 L47-Pp_4 L48-F_p7 L49-Wcl2 L50-Qlk2 L51-Ble3 L52-Jxl1 L53-Pyq8 L54-Stl3 L55-Yco7 L56-Hqg3 L57-Yvn6 L58-Zzi5 L59-Dqh4 L60-Mbn5 L61-Rj_3 L62-Bkx1 L63-Vwm4 L64-Mrd3 L65-Jn_6 L66-Tni1 L67-Xqn4 L68-D_p3 L69-U_t1 L70-Gop9 L71-Ckw4 L72-Sun8 L73-Uup1 L74-Axo5 L75-Hpw3 L76-Aup8 L77-Xkj6 L78-Eoh6 L79-Akz0 L80-Gdg2 L81-Bhn7 L82-Sss5 L83-Iws2
L0-Aod5 L1-Kjl0 L2-Dcp9 L3-Nwk7 L4-Qww6 L5-P__6 L6-Ygg8 L7-Yyp3 L8-Vty9 L9-Qii2 L10-Tsk3 L11-Kbw4 L12-Mge5 L13-Wat4 L14-Ews2 L15-Grx0 L16-Euo9 L17-Omy6 L18-Stn8 L19-Wuo6 L20-Mqd5 L21-Wwi3 L22-Vus3 L23-Ckn4 L24-Bcc8 L25-Bcf4 L26-Urv8 L27-K_h9 L28-Iwr9 L29-Djd2 L30-Beq7 L31-Kdo8 L32-V_i2 L33-Kcn5 L34-Un_2 L35-Png6 L36-Ssn0 L37-R_g6 L38-Nus1 L39-Nbt1 L40-Rsb5 L41-Qsv1 L42-Bxs5 L43-Ngk0 L44-Apv2 L45-Yzj2 L46-Zhj5 L47-Oup5 L48-Cpz7 L49-Jlm5 L50-Ofn1 L51-Ssv5 L52-Ejn9 L53-Hyb3 L54-Ply1 L55-Nur5 L56-Hwf5 L57-Sv_3 L58-F_z4 L59-Pp_4 L60-F_p7 L61-Wcl2 L62-Qlk2 L63-Ble3 L64-Jxl1 L65-Pyq8 L66-Stl3 L67-Yco7 L68-Hqg3 L69-Yvn6 L70-Zzi5 L71-Dqh4 L72-Mbn5 L73-Rj_3 L74-Bkx1 L75-Vwm4 L76-Mrd3 L77-Jn_6 L78-Tni1 L79-Xqn4 L80-D_p3 L81-U_t1 L82-Gop9 L83-Ckw4 L84-Sun8 L85-Uup1 L86-Axo5 L87-Hpw3
L0-C_j1 L1-R_n3 L2-Mpv2 L3-Uwr3 L4-Xbn0 L5-Jog9 L6-B_h5 L7-Bmo5 L8-Qis5 L9-Rpt9 L10-Yqm2 L11-Rp_4 L12-Aod5 L13-Kjl0 L14-Dcp9 L15-Nwk7 L16-Qww6 L17-P__6 L18-Ygg8 L19-Yyp3 L20-Vty9 L21-Qii2 L22-Tsk3 L23-Kbw4 L24-Mge5 L25-Wat4 L26-Ews2 L27-Grx0 L28-Euo9 L29-Omy6 L30-Stn8 L31-Wuo6 L32-Mqd5 L33-Wwi3 L34-Vus3 L35-Ckn4 L36-Bcc8 L37-Bcf4 L38-Urv8 L39-K_h9 L40-Iwr9 L41-Djd2 L42-Beq7 L43-Kdo8 L44-V_i2 L45-Kcn5 L46-Un_2 L47-Png6 L48-Ssn0 L49-R_g6 L50-Nus1 L51-Nbt1 L52-Rsb5 L53-Qsv1 L54-Bxs5 L55-Ngk0 L56-Apv2 L57-Yzj2 L58-Zhj5 L59-Oup5 L60-Cpz7 L61-Jlm5 L62-Ofn1 L63-Ssv5 L64-Ejn9 L65-Hyb3 L66-Ply1 L67-Nur5 L68-Hwf5 L69-Sv_3 L70-F_z4 L71-Pp_4 L72-F_p7 L73-Wcl2 L74-Qlk2 L75-Ble3 L76-Jxl1 L77-Pyq8 L78-Stl3 L79-Yco7 L80-Hqg3 L81-Yvn6 L82-Zzi5 L83-Dqh4 L84-Mbn5 L85-Rj_3 L86-Bkx1 L87-Vwm4
L0-Tda6 L1-Mq_2 L2-Bnz9 L3-Rmc0 L4-Mgo3 L5-Rge7 L6-K_c8 L7-Stz8 L8-Hmy1 L9-Ukj7 L10-Jkl8 L11-Ws_3 L12-C_j1 L13-R_n3 L14-Mpv2 L15-Uwr3 L16-Xbn0 L17-Jog9 L18-B_h5 L19-Bmo5 L20-Qis5 L21-Rpt9 L22-Yqm2 L23-Rp_4 L24-Aod5 L25-Kjl0 L26-Dcp9 L27-Nwk7 L28-Qww6 L29-P__6 L30-Ygg8 L31-Yyp3 L32-Vty9 L33-Qii2 L34-Tsk3 L35-Kbw4 L36-Mge5 L37-Wat4 L38-Ews2 L39-Grx0 L40-Euo9 L41-Omy6 L42-Stn8 L43-Wuo6 L44-Mqd5 L45-Wwi3 L46-Vus3 L47-Ckn4 L48-Bcc8 L49-Bcf4 L50-Urv8 L51-K_h9 L52-Iwr9 L53-Djd2 L54-Beq7 L55-Kdo8 L56-V_i2 L57-Kcn5 L58-Un_2 L59-Png6 L60-Ssn0 L61-R_g6 L62-Nus1 L63-Nbt1 L64-Rsb5 L65-Qsv1 L66-Bxs5 L67-Ngk0 L68-Apv2 L69-Yzj2 L70-Zhj5 L71-Oup5 L72-Cpz7 L73-Jlm5 L74-Ofn1 L75-Ssv5 L76-Ejn9 L77-Hyb3 L78-Ply1 L79-Nur5 L80-Hwf5 L81-Sv_3 L82-F_z4 L83-Pp_4 L84-F_p7 L85-Wcl2 L86-Qlk2 L87-Ble3
L0-Eqy4 L1-Oxz5 L2-Jxn2 L3-Vvm0 L4-Hyl8 L5-Ngk3 L6-Hwu2 L7-Dpa0 L8-Evd5 L9-W_e6 L10-Jcq0 L11-Gsj3 L12-Tda6 L13-Mq_2 L14-Bnz9 L15-Rmc0 L16-Mgo3 L17-Rge7 L18-K_c8 L19-Stz8 L20-Hmy1 L21-Ukj7 L22-Jkl8 L23-Ws_3 L24-C_j1 L25-R_n3 L26-Mpv2 L27-Uwr3 L28-Xbn0 L29-Jog9 L30-B_h5 L31-Bmo5 L32-Qis5 L33-Rpt9 L34-Yqm2 L35-Rp_4 L36-Aod5 L37-Kjl0 L38-Dcp9 L39-Nwk7 L40-Qww6 L41-P__6 L42-Ygg8 L43-Yyp3 L44-Vty9 L45-Qii2 L46-Tsk3 L47-Kbw4 L48-Mge5 L49-Wat4 L50-Ews2 L51-Grx0 L52-Euo9 L53-Omy6 L54-Stn8 L55-Wuo6 L56-Mqd5 L57-Wwi3 L58-Vus3 L59-Ckn4 L60-Bcc8 L61-Bcf4 L62-Urv8 L63-K_h9 L64-Iwr9 L65-Djd2 L66-Beq7 L67-Kdo8 L68-V_i2 L69-Kcn5 L70-Un_2 L71-Png6 L72-Ssn0 L73-R_g6 L74-Nus1 L75-Nbt1 L76-Rsb5 L77-Qsv1 L78-Bxs5 L79-Ngk0 L80-Apv2 L81-Yzj2 L82-Zhj5 L83-Oup5 L84-Cpz7 L85-Jlm5 L86-Ofn1 L87-Ssv5
L0-Apu6 L1-Gab5 L2-N_c1 L3-Cgl5 L4-B_f1 L5-M_y2 L6-B_s4 L7-Xug0 L8-Gix7 L9-Mez4 L10-Cpn7 L11-Yud2 L12-Eqy4 L13-Oxz5 L14-Jxn2 L15-Vvm0 L16-Hyl8 L17-Ngk3 L18-Hwu2 L19-Dpa0 L20-Evd5 L21-W_e6 L22-Jcq0 L23-Gsj3 L24-Tda6 L25-Mq_2 L26-Bnz9 L27-Rmc0 L28-Mgo3 L29-Rge7 L30-K_c8 L31-Stz8 L32-Hmy1 L33-Ukj7 L34-Jkl8 L35-Ws_3 L36-C_j1 L37-R_n3 L38-Mpv2 L39-Uwr3 L40-Xbn0 L41-Jog9 L42-B_h5 L43-Bmo5 L44-Qis5 L45-Rpt9 L46-Yqm2 L47-Rp_4 L48-Aod5 L49-Kjl0 L50-Dcp9 L51-Nwk7 L52-Qww6 L53-P__6 L54-Ygg8 L55-Yyp3 L56-Vty9 L57-Qii2 L58-Tsk3 L59-Kbw4 L60-Mge5 L61-Wat4 L62-Ews2 L63-Grx0 L64-Euo9 L65-Omy6 L66-Stn8 L67-Wuo6 L68-Mqd5 L69-Wwi3 L70-Vus3 L71-Ckn4 L72-Bcc8 L73-Bcf4 L74-Urv8 L75-K_h9 L76-Iwr9 L77-Djd2 L78-Beq7 L79-Kdo8 L80-V_i2 L81-Kcn5 L82-Un_2 L83-Png6 L84-Ssn0 L85-R_g6 L86-Nus1 L87-Nbt1
L0-Hvf7 L1-Vyp0 L2-Xnp7 L3-Mwh4 L4-Cdg8 L5-Gyr9 L6-Tvd5 L7-Kpx3 L8-Qtf3 L9-Ktc5 L10-Gbn1 L11-Ngw0 L12-Apu6 L13-Gab5 L14-N_c1 L15-Cgl5 L16-B_f1 L17-M_y2 L18-B_s4 L19-Xug0 L20-Gix7 L21-Mez4 L22-Cpn7 L23-Yud2 L24-Eqy4 L25-Oxz5 L26-Jxn2 L27-Vvm0 L28-Hyl8 L29-Ngk3 L30-Hwu2 L31-Dpa0 L32-Evd5 L33-W_e6 L34-Jcq0 L35-Gsj3 L36-Tda6 L37-Mq_2 L38-Bnz9 L39-Rmc0 L40-Mgo3 L41-Rge7 L42-K_c8 L43-Stz8 L44-Hmy1 L45-Ukj7 L46-Jkl8 L47-Ws_3 L48-C_j1 L49-R_n3 L50-Mpv2 L51-Uwr3 L52-Xbn0 L53-Jog9 L54-B_h5 L55-Bmo5 L56-Qis5 L57-Rpt9 L58-Yqm2 L59-Rp_4 L60-Aod5 L61-Kjl0 L62-Dcp9 L63-Nwk7 L64-Qww6 L65-P__6 L66-Ygg8 L67-Yyp3 L68-Vty9 L69-Qii2 L70-Tsk3 L71-Kbw4 L72-Mge5 L73-Wat4 L74-Ews2 L75-Grx0 L76-Euo9 L77-Omy6 L78-Stn8 L79-Wuo6 L80-Mqd5 L81-Wwi3 L82-Vus3 L83-Ckn4 L84-Bcc8 L85-Bcf4 L86-Urv8 L87-K_h9
L0-Jsr2 L1-Bkt8 L2-Sw_7 L3-Zzr5 L4-Skr6 L5-Brp5 L6-Qln7 L7-Z_k1 L8-Ddh5 L9-Oil9 L10-Ybd6 L11-Nlo9 L12-Hvf7 L13-Vyp0 L14-Xnp7 L15-Mwh4 L16-Cdg8 L17-Gyr9 L18-Tvd5 L19-Kpx3 L20-Qtf3 L21-Ktc5 L22-Gbn1 L23-Ngw0 L24-Apu6 L25-Gab5 L26-N_c1 L27-Cgl5 L28-B_f1 L29-M_y2 L30-B_s4 L31-Xug0 L32-Gix7 L33-Mez4 L34-Cpn7 L35-Yud2 L36-Eqy4 L37-Oxz5 L38-Jxn2 L39-Vvm0 L40-Hyl8 L41-Ngk3 L42-Hwu2 L43-Dpa0 L44-Evd5 L45-W_e6 L46-Jcq0 L47-Gsj3 L48-Tda6 L49-Mq_2 L50-Bnz9 L51-Rmc0 L52-Mgo3 L53-Rge7 L54-K_c8 L55-Stz8 L56-Hmy1 L57-Ukj7 L58-Jkl8 L59-Ws_3 L60-C_j1 L61-R_n3 L62-Mpv2 L63-Uwr3 L64-Xbn0 L65-Jog9 L66-B_h5 L67-Bmo5 L68-Qis5 L69-Rpt9 L70-Yqm2 L71-Rp_4 L72-Aod5 L73-Kjl0 L74-Dcp9 L75-Nwk7 L76-Qww6 L77-P__6 L78-Ygg8 L79-Yyp3 L80-Vty9 L81-Qii2 L82-Tsk3 L83-Kbw4 L84-Mge5 L85-Wat4 L86-Ews2 L87-Grx0
L0-Xpk2 L1-N_r7 L2-Pxz7 L3-Bwu8 L4-Efe1 L5-Gp_8 L6-Emn2 L7-Kl_3 L8-Wan1 L9-Iid6 L10-Xo_7 L11-Bm_2 L12-Jsr2 L13-Bkt8 L14-Sw_7 L15-Zzr5 L16-Skr6 L17-Brp5 L18-Qln7 L19-Z_k1 L20-Ddh5 L21-Oil9 L22-Ybd6 L23-Nlo9 L24-Hvf7 L25-Vyp0 L26-Xnp7 L27-Mwh4 L28-Cdg8 L29-Gyr9 L30-Tvd5 L31-Kpx3 L32-Qtf3 L33-Ktc5 L34-Gbn1 L35-Ngw0 L36-Apu6 L37-Gab5 L38-N_c1 L39-Cgl5 L40-B_f1 L41-M_y2 L42-B_s4 L43-Xug0 L44-Gix7 L45-Mez4 L46-Cpn7 L47-Yud2 L48-Eqy4 L49-Oxz5 L50-Jxn2 L51-Vvm0 L52-Hyl8 L53-Ngk3 L54-Hwu2 L55-Dpa0 L56-Evd5 L57-W_e6 L58-Jcq0 L59-Gsj3 L60-Tda6 L61-Mq_2 L62-Bnz9 L63-Rmc0 L64-Mgo3 L65-Rge7 L66-K_c8 L67-Stz8 L68-Hmy1 L69-Ukj7 L70-Jkl8 L71-Ws_3 L72-C_j1 L73-R_n3 L74-Mpv2 L75-Uwr3 L76-Xbn0 L77-Jog9 L78-B_h5 L79-Bmo5 L80-Qis5 L81-Rpt9 L82-Yqm2 L83-Rp_4 L84-Aod5 L85-Kjl0 L86-Dcp9 L87-Nwk7
L0-K_o6 L1-Kcj7 L2-Wgc9 L3-Dvo1 L4-Jjj2 L5-Svw8 L6-Kee3 L7-Oiy6 L8-Q__3 L9-Afh6 L10-Bmg4 L11-Zyg5 L12-Xpk2 L13-N_r7 L14-Pxz7 L15-Bwu8 L16-Efe1 L17-Gp_8 L18-Emn2 L19-Kl_3 L20-Wan1 L21-Iid6 L22-Xo_7 L23-Bm_2 L24-Jsr2 L25-Bkt8 L26-Sw_7 L27-Zzr5 L28-Skr6 L29-Brp5 L30-Qln7 L31-Z_k1 L32-Ddh5 L33-Oil9 L34-Ybd6 L35-Nlo9 L36-Hvf7 L37-Vyp0 L38-Xnp7 L39-Mwh4 L40-Cdg8 L41-Gyr9 L42-Tvd5 L43-Kpx3 L44-Qtf3 L45-Ktc5 L46-Gbn1 L47-Ngw0 L48-Apu6 L49-Gab5 L50-N_c1 L51-Cgl5 L52-B_f1 L53-M_y2 L54-B_s4 L55-Xug0 L56-Gix7 L57-Mez4 L58-Cpn7 L59-Yud2 L60-Eqy4 L61-Oxz5 L62-Jxn2 L63-Vvm0 L64-Hyl8 L65-Ngk3 L66-Hwu2 L67-Dpa0 L68-Evd5 L69-W_e6 L70-Jcq0 L71-Gsj3 L72-Tda6 L73-Mq_2 L74-Bnz9 L75-Rmc0 L76-Mgo3 L77-Rge7 L78-K_c8 L79-Stz8 L80-Hmy1 L81-Ukj7 L82-Jkl8 L83-Ws_3 L84-C_j1 L85-R_n3 L86-Mpv2 L87-Uwr3
L0-Es_5 L1-Gbz3 L2-Sae2 L3-Hjn0 L4-Hjn0 L5-Frs5 L6-Jua0 L7-Yjz1 L8-Dcl4 L9-Tbv7 L10-Xga5 L11-Z_j8 L12-K_o6 L13-Kcj7 L14-Wgc9 L15-Dvo1 L16-Jjj2 L17-Svw8 L18-Kee3 L19-Oiy6 L20-Q__3 L21-Afh6 L22-Bmg4 L23-Zyg5 L24-Xpk2 L25-N_r7 L26-Pxz7 L27-Bwu8 L28-Efe1 L29-Gp_8 L30-Emn2 L31-Kl_3 L32-Wan1 L33-Iid6 L34-Xo_7 L35-Bm_2 L36-Jsr2 L37-Bkt8 L38-Sw_7 L39-Zzr5 L40-Skr6 L41-Brp5 L42-Qln7 L43-Z_k1 L44-Ddh5 L45-Oil9 L46-Ybd6 L47-Nlo9 L48-Hvf7 L49-Vyp0 L50-Xnp7 L51-Mwh4 L52-Cdg8 L53-Gyr9 L54-Tvd5 L55-Kpx3 L56-Qtf3 L57-Ktc5 L58-Gbn1 L59-Ngw0 L60-Apu6 L61-Gab5 L62-N_c1 L63-Cgl5 L64-B_f1 L65-M_y2 L66-B_s4 L67-Xug0 L68-Gix7 L69-Mez4 L70-Cpn7 L71-Yud2 L72-Eqy4 L73-Oxz5 L74-Jxn2 L75-Vvm0 L76-Hyl8 L77-Ngk3 L78-Hwu2 L79-Dpa0 L80-Evd5 L81-W_e6 L82-Jcq0 L83-Gsj3 L84-Tda6 L85-Mq_2 L86-Bnz9 L87-Rmc0
L0-Etm1 L1-Tar0 L2-Xf_2 L5-Bey2 L6-Mfd2 L7-O_q2 L8-Ygx6 L9-Crw5 L10-R__3 L11-Hcx1 L12-Es_5 L13-Gbz3 L14-Sae2 L15-Hjn0 L16-Hjn0 L17-Frs5 L18-Jua0 L19-Yjz1 L20-Dcl4 L21-Tbv7 L22-Xga5 L23-Z_j8 L24-K_o6 L25-Kcj7 L26-Wgc9 L27-Dvo1 L28-Jjj2 L29-Svw8 L30-Kee3 L31-Oiy6 L32-Q__3 L33-Afh6 L34-Bmg4 L35-Zyg5 L36-Xpk2 L37-N_r7 L38-Pxz7 L39-Bwu8 L40-Efe1 L41-Gp_8 L42-Emn2 L43-Kl_3 L44-Wan1 L45-Iid6 L46-Xo_7 L47-Bm_2 L48-Jsr2 L49-Bkt8 L50-Sw_7 L51-Zzr5 L52-Skr6 L53-Brp5 L54-Qln7 L55-Z_k1 L56-Ddh5 L57-Oil9 L58-Ybd6 L59-Nlo9 L60-Hvf7 L61-Vyp0 L62-Xnp7 L63-Mwh4 L64-Cdg8 L65-Gyr9 L66-Tvd5 L67-Kpx3 L68-Qtf3 L69-Ktc5 L70-Gbn1 L71-Ngw0 L72-Apu6 L73-Gab5 L74-N_c1 L75-Cgl5 L76-B_f1 L77-M_y2 L78-B_s4 L79-Xug0 L80-Gix7 L81-Mez4 L82-Cpn7 L83-Yud2 L84-Eqy4 L85-Oxz5 L86-Jxn2 L87-Vvm0
L0-Cwo7 L1-Ov_7 L2-G_l6 L5-Hjn0 L6-Hjn0 L7-Nul1 L8-Sgo3 L9-Juh7 L10-P__5 L11-Bhn0 L12-Etm1 L13-Tar0 L14-Xf_2 L17-Bey2 L18-Mfd2 L19-O_q2 L20-Ygx6 L21-Crw5 L22-R__3 L23-Hcx1 L24-Es_5 L25-Gbz3 L26-Sae2 L27-Hjn0 L28-Hjn0 L29-Frs5 L30-Jua0 L31-Yjz1 L32-Dcl4 L33-Tbv7 L34-Xga5 L35-Z_j8 L36-K_o6 L37-Kcj7 L38-Wgc9 L39-Dvo1 L40-Jjj2 L41-Svw8 L42-Kee3 L43-Oiy6 L44-Q__3 L45-Afh6 L46-Bmg4 L47-Zyg5 L48-Xpk2 L49-N_r7 L50-Pxz7 L51-Bwu8 L52-Efe1 L53-Gp_8 L54-Emn2 L55-Kl_3 L56-Wan1 L57-Iid6 L58-Xo_7 L59-Bm_2 L60-Jsr2 L61-Bkt8 L62-Sw_7 L63-Zzr5 L64-Skr6 L65-Brp5 L66-Qln7 L67-Z_k1 L68-Ddh5 L69-Oil9 L70-Ybd6 L71-Nlo9 L72-Hvf7 L73-Vyp0 L74-Xnp7 L75-Mwh4 L76-Cdg8 L77-Gyr9 L78-Tvd5 L79-Kpx3 L80-Qtf3 L81-Ktc5 L82-Gbn1 L83-Ngw0 L84-Apu6 L85-Gab5 L86-N_c1 L87-Cgl5
L0-Tjr6 L1-Rxu8 L2-Zmj0 L7-Fvx7 L8-E_q8 L9-Y_e0 L10-Gxl4 L11-Okp9 L12-Cwo7 L13-Ov_7 L14-G_l6 L17-Hjn0 L18-Hjn0 L19-Nul1 L20-Sgo3 L21-Juh7 L22-P__5 L23-Bhn0 L24-Etm1 L25-Tar0 L26-Xf_2 L29-Bey2 L30-Mfd2 L31-O_q2 L32-Ygx6 L33-Crw5 L34-R__3 L35-Hcx1 L36-Es_5 L37-Gbz3 L38-Sae2 L39-Hjn0 L40-Hjn0 L41-Frs5 L42-Jua0 L43-Yjz1 L44-Dcl4 L45-Tbv7 L46-Xga5 L47-Z_j8 L48-K_o6 L49-Kcj7 L50-Wgc9 L51-Dvo1 L52-Jjj2 L53-Svw8 L54-Kee3 L55-Oiy6 L56-Q__3 L57-Afh6 L58-Bmg4 L59-Zyg5 L60-Xpk2 L61-N_r7 L62-Pxz7 L63-Bwu8 L64-Efe1 L65-Gp_8 L66-Emn2 L67-Kl_3 L68-Wan1 L69-Iid6 L70-Xo_7 L71-Bm_2 L72-Jsr2 L73-Bkt8 L74-Sw_7 L75-Zzr5 L76-Skr6 L77-Brp5 L78-Qln7 L79-Z_k1 L80-Ddh5 L81-Oil9 L82-Ybd6 L83-Nlo9 L84-Hvf7 L85-Vyp0 L86-Xnp7 L87-Mwh4
L0-Fpm9 L1-Fhr9 L2-E_c9 L7-Hjn0 L8-Iwb2 L9-P_u3 L10-Cfo8 L11-Nvb8 L12-Tjr6 L13-Rxu8 L14-Zmj0 L19-Fvx7 L20-E_q8 L21-Y_e0 L22-Gxl4 L23-Okp9 L24-Cwo7 L25-Ov_7 L26-G_l6 L29-Hjn0 L30-Hjn0 L31-Nul1 L32-Sgo3 L33-Juh7 L34-P__5 L35-Bhn0 L36-Etm1 L37-Tar0 L38-Xf_2 L41-Bey2 L42-Mfd2 L43-O_q2 L44-Ygx6 L45-Crw5 L46-R__3 L47-Hcx1 L48-Es_5 L49-Gbz3 L50-Sae2 L51-Hjn0 L52-Hjn0 L53-Frs5 L54-Jua0 L55-Yjz1 L56-Dcl4 L57-Tbv7 L58-Xga5 L59-Z_j8 L60-K_o6 L61-Kcj7 L62-Wgc9 L63-Dvo1 L64-Jjj2 L65-Svw8 L66-Kee3 L67-Oiy6 L68-Q__3 L69-Afh6 L70-Bmg4 L71-Zyg5 L72-Xpk2 L73-N_r7 L74-Pxz7 L75-Bwu8 L76-Efe1 L77-Gp_8 L78-Emn2 L79-Kl_3 L80-Wan1 L81-Iid6 L82-Xo_7 L83-Bm_2 L84-Jsr2 L85-Bkt8 L86-Sw_7 L87-Zzr5
L0-Z_x4 L1-Yqr2 L2-Bec2 L8-Hjn0 L9-Hjn0 L10-Mrc0 L11-Rwe9 L12-Fpm9 L13-Fhr9 L14-E_c9 L19-Hjn0 L20-Iwb2 L21-P_u3 L22-Cfo8 L23-Nvb8 L24-Tjr6 L25-Rxu8 L26-Zmj0 L31-Fvx7 L32-E_q8 L33-Y_e0 L34-Gxl4 L35-Okp9 L36-Cwo7 L37-Ov_7 L38-G_l6 L41-Hjn0 L42-Hjn0 L43-Nul1 L44-Sgo3 L45-Juh7 L46-P__5 L47-Bhn0 L48-Etm1 L49-Tar0 L50-Xf_2 L53-Bey2 L54-Mfd2 L55-O_q2 L56-Ygx6 L57-Crw5 L58-R__3 L59-Hcx1 L60-Es_5 L61-Gbz3 L62-Sae2 L63-Hjn0 L64-Hjn0 L65-Frs5 L66-Jua0 L67-Yjz1 L68-Dcl4 L69-Tbv7 L70-Xga5 L71-Z_j8 L72-K_o6 L73-Kcj7 L74-Wgc9 L75-Dvo1 L76-Jjj2 L77-Svw8 L78-Kee3 L79-Oiy6 L80-Q__3 L81-Afh6 L82-Bmg4 L83-Zyg5 L84-Xpk2 L85-N_r7 L86-Pxz7 L87-Bwu8
L0-Cny4 L1-Apm1 L2-Brk0 L10-Hjn0 L11-Hjn0 L12-Z_x4 L13-Yqr2 L14-Bec2 L20-Hjn0 L21-Hjn0 L22-Mrc0 L23-Rwe9 L24-Fpm9 L25-Fhr9 L26-E_c9 L31-Hjn0 L32-Iwb2 L33-P_u3 L34-Cfo8 L35-Nvb8 L36-Tjr6 L37-Rxu8 L38-Zmj0 L43-Fvx7 L44-E_q8 L45-Y_e0 L46-Gxl4 L47-Okp9 L48-Cwo7 L49-Ov_7 L50-G_l6 L53-Hjn0 L54-Hjn0 L55-Nul1 L56-Sgo3 L57-Juh7 L58-P__5 L59-Bhn0 L60-Etm1 L61-Tar0 L62-Xf_2 L65-Bey2 L66-Mfd2 L67-O_q2 L68-Ygx6 L69-Crw5 L70-R__3 L71-Hcx1 L72-Es_5 L73-Gbz3 L74-Sae2 L75-Hjn0 L76-Hjn0 L77-Frs5 L78-Jua0 L79-Yjz1 L80-Dcl4 L81-Tbv7 L82-Xga5 L83-Z_j8 L84-K_o6 L85-Kcj7 L86-Wgc9 L87-Dvo1
L0-Hjn0 L1-Ydz4 L2-Aak8 L12-Cny4 L13-Apm1 L14-Brk0 L22-Hjn0 L23-Hjn0 L24-Z_x4 L25-Yqr2 L26-Bec2 L32-Hjn0 L33-Hjn0 L34-Mrc0 L35-Rwe9 L36-Fpm9 L37-Fhr9 L38-E_c9 L43-Hjn0 L44-Iwb2 L45-P_u3 L46-Cfo8 L47-Nvb8 L48-Tjr6 L49-Rxu8 L50-Zmj0 L55-Fvx7 L56-E_q8 L57-Y_e0 L58-Gxl4 L59-Okp9 L60-Cwo7 L61-Ov_7 L62-G_l6 L65-Hjn0 L66-Hjn0 L67-Nul1 L68-Sgo3 L69-Juh7 L70-P__5 L71-Bhn0 L72-Etm1 L73-Tar0 L74-Xf_2 L77-Bey2 L78-Mfd2 L79-O_q2 L80-Ygx6 L81-Crw5 L82-R__3 L83-Hcx1 L84-Es_5 L85-Gbz3 L86-Sae2 L87-Hjn0
L1-Hjn0 L2-Hjn0 L12-Hjn0 L13-Ydz4 L14-Aak8 L24-Cny4 L25-Apm1 L26-Brk0 L34-Hjn0 L35-Hjn0 L36-Z_x4 L37-Yqr2 L38-Bec2 L44-Hjn0 L45-Hjn0 L46-Mrc0 L47-Rwe9 L48-Fpm9 L49-Fhr9 L50-E_c9 L55-Hjn0 L56-Iwb2 L57-P_u3 L58-Cfo8 L59-Nvb8 L60-Tjr6 L61-Rxu8 L62-Zmj0 L67-Fvx7 L68-E_q8 L69-Y_e0 L70-Gxl4 L71-Okp9 L72-Cwo7 L73-Ov_7 L74-G_l6 L77-Hjn0 L78-Hjn0 L79-Nul1 L80-Sgo3 L81-Juh7 L82-P__5 L83-Bhn0 L84-Etm1 L85-Tar0 L86-Xf_2
L13-Hjn0 L14-Hjn0 L24-Hjn0 L25-Ydz4 L26-Aak8 L36-Cny4 L37-Apm1 L38-Brk0 L46-Hjn0 L47-Hjn0 L48-Z_x4 L49-Yqr2 L50-Bec2 L56-Hjn0 L57-Hjn0 L58-Mrc0 L59-Rwe9 L60-Fpm9 L61-Fhr9 L62-E_c9 L67-Hjn0 L68-Iwb2 L69-P_u3 L70-Cfo8 L71-Nvb8 L72-Tjr6 L73-Rxu8 L74-Zmj0 L79-Fvx7 L80-E_q8 L81-Y_e0 L82-Gxl4 L83-Okp9 L84-Cwo7 L85-Ov_7 L86-G_l6
L25-Hjn0 L26-Hjn0 L36-Hjn0 L37-Ydz4 L38-Aak8 L48-Cny4 L49-Apm1 L50-Brk0 L58-Hjn0 L59-Hjn0 L60-Z_x4 L61-Yqr2 L62-Bec2 L68-Hjn0 L69-Hjn0 L70-Mrc0 L71-Rwe9 L72-Fpm9 L73-Fhr9 L74-E_c9 L79-Hjn0 L80-Iwb2 L81-P_u3 L82-Cfo8 L83-Nvb8 L84-Tjr6 L85-Rxu8 L86-Zmj0
L37-Hjn0 L38-Hjn0 L48-Hjn0 L49-Ydz4 L50-Aak8 L60-Cny4 L61-Apm1 L62-Brk0 L70-Hjn0 L71-Hjn0 L72-Z_x4 L73-Yqr2 L74-Bec2 L80-Hjn0 L81-Hjn0 L82-Mrc0 L83-Rwe9 L84-Fpm9 L85-Fhr9 L86-E_c9
L49-Hjn0 L50-Hjn0 L60-Hjn0 L61-Ydz4 L62-Aak8 L72-Cny4 L73-Apm1 L74-Brk0 L82-Hjn0 L83-Hjn0 L84-Z_x4 L85-Yqr2 L86-Bec2
L61-Hjn0 L62-Hjn0 L72-Hjn0 L73-Ydz4 L74-Aak8 L84-Cny4 L85-Apm1 L86-Brk0
L73-Hjn0 L74-Hjn0 L84-Hjn0 L85-Ydz4 L86-Aak8
L85-Hjn0 L86-Hjn0
