14
##start
Jx_8 3 3
##end
Wnk1 8 8
Uib8 11 11
Hgo3 14 14
Wmy9 16 16
Opp6 18 18
Ftw9 20 20
B_t5 23 23
Gvw4 25 25
Zpn4 29 29
Tyx1 31 31
Ksd9 33 33
Go_4 36 36
B_v0 39 39
Drt8 41 41
Ttp2 42 42
Mek1 45 45
Iyi4 49 49
Dsm1 52 52
Mzv2 56 56
Zcg0 60 60
D_f7 65 65
Zwp9 68 68
P_l9 71 71
Aqs0 74 74
Vnq4 77 77
Nie1 81 81
Zvt1 82 82
Bse2 87 87
C_w6 90 90
Eoj7 93 93
Gkz3 95 95
Yei4 100 100
Eqv1 102 102
Tab9 105 105
Xla8 107 107
N_z8 111 111
Npn5 114 114
Dss1 117 117
Juj1 119 119
Okw2 122 122
Zol1 127 127
Bmz9 129 129
Tqi9 133 133
Dbr1 137 137
Cyc7 139 139
Tuk4 142 142
Uoq7 145 145
My_6 148 148
Ixu7 151 151
Odb1 155 155
Ewj8 160 160
Rnx3 164 164
Veg2 165 165
Sfr2 166 166
Mov1 168 168
Gag8 171 171
Zxq5 173 173
Ihm6 174 174
Guu7 179 179
G_q4 182 182
Ik_7 186 186
Tss2 188 188
Isr6 192 192
Nku2 195 195
Swb9 198 198
Uwi0 200 200
Yxv2 203 203
P__1 206 206
Ucr9 208 208
Wto4 210 210
Uta8 212 212
Zbi4 217 217
Gla0 220 220
Tgj3 224 224
Ske1 228 228
W_m5 232 232
Say4 233 233
Jhp0 235 235
Otu8 239 239
Ms_9 243 243
K_s8 246 246
Mhj6 250 250
Kng2 253 253
N__2 258 258
Wav9 260 260
Wzc5 263 263
Qer6 266 266
Gda3 269 269
Vsr0 274 274
Gmj3 277 277
Bgj6 282 282
G_z2 285 285
I_s0 288 288
Vkd7 291 291
Ahy6 294 294
Gw_5 297 297
Klh6 300 300
Jix0 301 301
Aig0 303 303
Xvz0 306 306
N__1 315 315
Jpo7 316 316
Cum5 319 319
Hem1 322 322
Aci5 327 327
Cjt0 330 330
Cgv8 332 332
Yec7 337 337
Evo4 340 340
Ky_5 341 341
Ai_3 345 345
Cee2 347 347
H_k9 348 348
Vpl5 352 352
Xlo1 357 357
Inb7 362 362
Vzc1 367 367
Prp4 371 371
Xpz7 373 373
Tpj8 377 377
Nr_3 381 381
Ngb3 382 382
Pqp0 383 383
Jbk3 388 388
Rii8 392 392
Kuq2 396 396
H_a5 400 400
Vfk1 405 405
H_v9 409 409
Exx7 413 413
Twc8 417 417
Zec7 421 421
N_s1 425 425
Sdz1 428 428
Zqj9 432 432
Vjt4 437 437
Yom9 441 441
Ncu3 444 444
Eyo4 447 447
Uix9 452 452
Exn1 453 453
Elz4 457 457
Hid9 461 461
Jqg1 463 463
Bd_8 466 466
Zxv5 470 470
Eh_2 472 472
I_c8 475 475
Nip9 477 477
Dss5 481 481
X_l4 483 483
Ebu7 487 487
Dry5 488 488
De_1 491 491
Gmc8 495 495
Pzg7 498 498
Twt8 502 502
V_p0 507 507
Fkw6 510 510
Ezc9 512 512
Gix6 515 515
Msg7 518 518
Jzk7 520 520
Jaa8 523 523
Mog5 526 526
Esv9 527 527
Exy3 530 530
Zji5 532 532
Wvu7 533 533
Brc9 538 538
Fhn3 539 539
Nto1 542 542
Yxa4 546 546
Hrs8 549 549
Zpb1 553 553
Pmy1 557 557
Kty6 562 562
Szs7 567 567
Jmt2 570 570
Heu5 573 573
C_z2 575 575
Xg_9 576 576
Qlu8 579 579
Wnq7 582 582
Udc8 586 586
Ggk4 588 588
Run9 592 592
M_b2 596 596
Cf_2 598 598
J_r7 603 603
Qms4 604 604
Tmf8 606 606
Bmj8 608 608
Mwo2 610 610
I_a0 612 612
Jlv4 617 617
Vuf3 621 621
Ncy1 623 623
A_a9 627 627
Rod0 631 631
Svv0 635 635
Dnu1 637 637
Dba1 641 641
Jil2 644 644
Wph9 647 647
Vqy1 650 650
Xqt8 653 653
Bbb1 657 657
Iqd1 659 659
Cnx2 662 662
Tiq7 665 665
Bgm4 669 669
T_v2 673 673
Rlo3 676 676
Boa3 679 679
Avb7 680 680
Egt9 681 681
Kav6 683 683
Rle6 687 687
Ttk3 690 690
Fjv2 694 694
Ejk8 696 696
We_4 698 698
Vld7 701 701
Jvr5 705 705
Clm0 707 707
Zvq8 710 710
De_1-Clm0
Vjt4-Vld7
We_4-Wnk1
Ejk8-We_4
Fjv2-Wmy9
Opp6-Fjv2
Ttk3-Ftw9
Rle6-Ttk3
B_t5-Kav6
Gvw4-B_t5
Egt9-Gvw4
Avb7-Zpn4
Ksd9-Tyx1
B_v0-Go_4
Drt8-B_v0
Boa3-Drt8
Ttp2-Boa3
Rlo3-Ttp2
T_v2-Mek1
Bgm4-T_v2
Iyi4-Bgm4
Cnx2-Tiq7
Iqd1-Dsm1
Vqy1-Xqt8
Wph9-Vqy1
Zcg0-Wph9
Zwp9-D_f7
Aqs0-P_l9
Jil2-Aqs0
Dba1-Jil2
Svv0-Dnu1
Rod0-Svv0
A_a9-Rod0
Vuf3-Ncy1
Jlv4-Vnq4
I_a0-Jlv4
Zvt1-Nie1
Bmj8-Mwo2
Tmf8-Bmj8
Qms4-Tmf8
Bse2-Qms4
C_w6-Bse2
J_r7-C_w6
Jx_8-J_r7
Eoj7-Wnk1
Yei4-Gkz3
Eqv1-Yei4
M_b2-Cf_2
Ggk4-Run9
Udc8-Ggk4
Xla8-Tab9
Wnq7-N_z8
Npn5-Wnq7
Xg_9-Qlu8
C_z2-Dss1
Bmz9-Jmt2
Kty6-Szs7
Tqi9-Kty6
Dbr1-Hrs8
Yxa4-Dbr1
Cyc7-Nto1
Jx_8-Cyc7
Fhn3-Wnk1
Tuk4-Fhn3
Uoq7-Tuk4
Brc9-Uoq7
Wvu7-Brc9
Zji5-Wvu7
Ixu7-My_6
Odb1-Ixu7
Ewj8-Odb1
Exy3-Ewj8
Esv9-Exy3
Rnx3-Esv9
Sfr2-Veg2
Mov1-Sfr2
Zxq5-Gag8
Mog5-Zxq5
Ihm6-Mog5
Jaa8-Ihm6
Jzk7-Jaa8
Msg7-Jzk7
G_q4-Guu7
Tss2-Ik_7
Isr6-Tss2
Fkw6-Isr6
Jx_8-V_p0
Swb9-N__1
Twt8-Uwi0
Pzg7-Twt8
Gmc8-Pzg7
De_1-Gmc8
Dry5-Yxv2
Ebu7-Dry5
X_l4-Ebu7
P__1-X_l4
Dss5-P__1
Ucr9-Nip9
Uta8-Jqg1
Zbi4-Uta8
Gla0-Elz4
Tgj3-Uix9
Jx_8-Ske1
Say4-Eyo4
K_s8-Yom9
Sdz1-Kng2
Zec7-N_s1
Exx7-Twc8
Vfk1-H_v9
Kuq2-H_a5
Jbk3-Rii8
Jx_8-Ngb3
Gda3-Wnk1
Nr_3-Gda3
Vsr0-Nr_3
Tpj8-Vsr0
Xpz7-Tpj8
Vzc1-Prp4
Gmj3-Xlo1
Bgj6-Vpl5
I_s0-G_z2
Ahy6-Vkd7
Ai_3-Ahy6
Ky_5-Gw_5
Klh6-Ky_5
Jix0-Evo4
Aig0-Yec7
Cgv8-Xvz0
Aci5-Cjt0
Hem1-Aci5
Jpo7-Cum5
Jx_8-Jpo7
Cum5-Hem1
Cjt0-Cgv8
Xvz0-Aig0
Yec7-Jix0
Evo4-Klh6
Gw_5-Ai_3
Vkd7-Cee2
Cee2-H_k9
H_k9-I_s0
G_z2-Bgj6
Vpl5-Gmj3
Xlo1-Inb7
Inb7-Vzc1
Prp4-Xpz7
Ngb3-Qer6
Qer6-Pqp0
Pqp0-Wzc5
Wzc5-Jbk3
Rii8-Wav9
Wav9-Kuq2
H_a5-N__2
N__2-Vfk1
H_v9-Exx7
Twc8-Zec7
N_s1-Sdz1
Kng2-Mhj6
Mhj6-Zqj9
Zqj9-Vjt4
Vjt4-K_s8
Yom9-Ms_9
Ms_9-Ncu3
Ncu3-Otu8
Otu8-Jhp0
Jhp0-Say4
Eyo4-W_m5
W_m5-Wnk1
Ske1-Tgj3
Uix9-Exn1
Exn1-Gla0
Elz4-Hid9
Hid9-Zbi4
Jqg1-Bd_8
Bd_8-Zxv5
Zxv5-Eh_2
Eh_2-Wto4
Wto4-I_c8
I_c8-Ucr9
Nip9-Dss5
Yxv2-De_1
Uwi0-Swb9
N__1-Wnk1
V_p0-Nku2
Nku2-Fkw6
Ik_7-Ezc9
Ezc9-Gix6
Gix6-G_q4
Guu7-Msg7
Gag8-Mov1
Veg2-Rnx3
My_6-Zji5
Nto1-Yxa4
Hrs8-Zpb1
Zpb1-Pmy1
Pmy1-Tqi9
Szs7-Bmz9
Jmt2-Zol1
Zol1-Heu5
Heu5-Okw2
Okw2-Juj1
Juj1-C_z2
Dss1-Xg_9
Qlu8-Npn5
N_z8-Xla8
Tab9-Udc8
Run9-M_b2
Cf_2-Eqv1
Gkz3-Eoj7
Mwo2-Zvt1
Nie1-I_a0
Vnq4-Vuf3
Ncy1-A_a9
Dnu1-Dba1
P_l9-Zwp9
D_f7-Zcg0
Xqt8-Mzv2
Mzv2-Bbb1
Bbb1-Iqd1
Dsm1-Cnx2
Tiq7-Iyi4
Mek1-Rlo3
Go_4-Ksd9
Tyx1-Avb7
Zpn4-Egt9
Kav6-Rle6
Ftw9-Opp6
Wmy9-Hgo3
Hgo3-Ejk8
Avb7-Jvr5
Cjt0-Uib8
Gvw4-Zvq8

L0-Ske1 L1-Ngb3 L8-V_p0 L9-Jpo7
L0-Tgj3 L1-Qer6 L2-Ske1 L3-Ngb3 L8-Nku2 L9-Cum5 L12-V_p0 L13-Jpo7
L0-Uix9 L1-Pqp0 L2-Tgj3 L3-Qer6 L4-Ske1 L5-Ngb3 L8-Fkw6 L9-Hem1 L12-Nku2 L13-Cum5
L0-Exn1 L1-Wzc5 L2-Uix9 L3-Pqp0 L4-Tgj3 L5-Qer6 L6-Ske1 L7-Ngb3 L8-Isr6 L9-Aci5 L12-Fkw6 L13-Hem1
L0-Gla0 L1-Jbk3 L2-Exn1 L3-Wzc5 L4-Uix9 L5-Pqp0 L6-Tgj3 L7-Qer6 L8-Tss2 L9-Cjt0 L10-Ske1 L11-Ngb3 L12-Isr6 L13-Aci5
L0-Elz4 L1-Rii8 L2-Gla0 L3-Jbk3 L4-Exn1 L5-Wzc5 L6-Uix9 L7-Pqp0 L8-Ik_7 L9-Cgv8 L10-Tgj3 L11-Qer6 L12-Tss2 L13-Cjt0
L0-Hid9 L1-Wav9 L2-Elz4 L3-Rii8 L4-Gla0 L5-Jbk3 L6-Exn1 L7-Wzc5 L8-Ezc9 L9-Xvz0 L10-Uix9 L11-Pqp0 L12-Ik_7 L13-Cgv8
L0-Zbi4 L1-Kuq2 L2-Hid9 L3-Wav9 L4-Elz4 L5-Rii8 L6-Gla0 L7-Jbk3 L8-Gix6 L9-Aig0 L10-Exn1 L11-Wzc5 L12-Ezc9 L13-Xvz0
L0-Uta8 L1-H_a5 L2-Zbi4 L3-Kuq2 L4-Hid9 L5-Wav9 L6-Elz4 L7-Rii8 L8-G_q4 L9-Yec7 L10-Gla0 L11-Jbk3 L12-Gix6 L13-Aig0
L0-Jqg1 L1-N__2 L2-Uta8 L3-H_a5 L4-Zbi4 L5-Kuq2 L6-Hid9 L7-Wav9 L8-Guu7 L9-Jix0 L10-Elz4 L11-Rii8 L12-G_q4 L13-Yec7
L0-Bd_8 L1-Vfk1 L2-Jqg1 L3-N__2 L4-Uta8 L5-H_a5 L6-Zbi4 L7-Kuq2 L8-Msg7 L9-Evo4 L10-Hid9 L11-Wav9 L12-Guu7 L13-Jix0
L0-Zxv5 L1-H_v9 L2-Bd_8 L3-Vfk1 L4-Jqg1 L5-N__2 L6-Uta8 L7-H_a5 L8-Jzk7 L9-Klh6 L10-Zbi4 L11-Kuq2 L12-Msg7 L13-Evo4
L0-Eh_2 L1-Exx7 L2-Zxv5 L3-H_v9 L4-Bd_8 L5-Vfk1 L6-Jqg1 L7-N__2 L8-Jaa8 L9-Ky_5 L10-Uta8 L11-H_a5 L12-Jzk7 L13-Klh6
L0-Wto4 L1-Twc8 L2-Eh_2 L3-Exx7 L4-Zxv5 L5-H_v9 L6-Bd_8 L7-Vfk1 L8-Ihm6 L9-Gw_5 L10-Jqg1 L11-N__2 L12-Jaa8 L13-Ky_5
L0-I_c8 L1-Zec7 L2-Wto4 L3-Twc8 L4-Eh_2 L5-Exx7 L6-Zxv5 L7-H_v9 L8-Mog5 L9-Ai_3 L10-Bd_8 L11-Vfk1 L12-Ihm6 L13-Gw_5
L0-Ucr9 L1-N_s1 L2-I_c8 L3-Zec7 L4-Wto4 L5-Twc8 L6-Eh_2 L7-Exx7 L8-Zxq5 L9-Ahy6 L10-Zxv5 L11-H_v9 L12-Mog5 L13-Ai_3
L0-Nip9 L1-Sdz1 L2-Ucr9 L3-N_s1 L4-I_c8 L5-Zec7 L6-Wto4 L7-Twc8 L8-Gag8 L9-Vkd7 L10-Eh_2 L11-Exx7 L12-Zxq5 L13-Ahy6
L0-Dss5 L1-Kng2 L2-Nip9 L3-Sdz1 L4-Ucr9 L5-N_s1 L6-I_c8 L7-Zec7 L8-Mov1 L9-Cee2 L10-Wto4 L11-Twc8 L12-Gag8 L13-Vkd7
L0-P__1 L1-Mhj6 L2-Dss5 L3-Kng2 L4-Nip9 L5-Sdz1 L6-Ucr9 L7-N_s1 L8-Sfr2 L9-H_k9 L10-I_c8 L11-Zec7 L12-Mov1 L13-Cee2
L0-X_l4 L1-Zqj9 L2-P__1 L3-Mhj6 L4-Dss5 L5-Kng2 L6-Nip9 L7-Sdz1 L8-Veg2 L9-I_s0 L10-Ucr9 L11-N_s1 L12-Sfr2 L13-H_k9
L0-Ebu7 L1-Vjt4 L2-X_l4 L3-Zqj9 L4-P__1 L5-Mhj6 L6-Dss5 L7-Kng2 L8-Rnx3 L9-G_z2 L10-Nip9 L11-Sdz1 L12-Veg2 L13-I_s0
L0-Dry5 L1-K_s8 L2-Ebu7 L3-Vjt4 L4-X_l4 L5-Zqj9 L6-P__1 L7-Mhj6 L8-Esv9 L9-Bgj6 L10-Dss5 L11-Kng2 L12-Rnx3 L13-G_z2
L0-Yxv2 L1-Yom9 L2-Dry5 L3-K_s8 L4-Ebu7 L5-Vjt4 L6-X_l4 L7-Zqj9 L8-Exy3 L9-Vpl5 L10-P__1 L11-Mhj6 L12-Esv9 L13-Bgj6
L0-De_1 L1-Ms_9 L2-Yxv2 L3-Yom9 L4-Dry5 L5-K_s8 L6-Ebu7 L7-Vjt4 L8-Ewj8 L9-Gmj3 L10-X_l4 L11-Zqj9 L12-Exy3 L13-Vpl5
L0-Gmc8 L1-Ncu3 L2-De_1 L3-Ms_9 L4-Yxv2 L5-Yom9 L6-Dry5 L7-K_s8 L8-Odb1 L9-Xlo1 L10-Ebu7 L11-Vjt4 L12-Ewj8 L13-Gmj3
L0-Pzg7 L1-Otu8 L2-Gmc8 L3-Ncu3 L4-De_1 L5-Ms_9 L6-Yxv2 L7-Yom9 L8-Ixu7 L9-Inb7 L10-Dry5 L11-K_s8 L12-Odb1 L13-Xlo1
L0-Twt8 L1-Jhp0 L2-Pzg7 L3-Otu8 L4-Gmc8 L5-Ncu3 L6-De_1 L7-Ms_9 L8-My_6 L9-Vzc1 L10-Yxv2 L11-Yom9 L12-Ixu7 L13-Inb7
L0-Uwi0 L1-Say4 L2-Twt8 L3-Jhp0 L4-Pzg7 L5-Otu8 L6-Gmc8 L7-Ncu3 L8-Zji5 L9-Prp4 L10-De_1 L11-Ms_9 L12-My_6 L13-Vzc1
L0-Swb9 L1-Eyo4 L2-Uwi0 L3-Say4 L4-Twt8 L5-Jhp0 L6-Pzg7 L7-Otu8 L8-Wvu7 L9-Xpz7 L10-Gmc8 L11-Ncu3 L12-Zji5 L13-Prp4
L0-N__1 L1-W_m5 L2-Swb9 L3-Eyo4 L4-Uwi0 L5-Say4 L6-Twt8 L7-Jhp0 L8-Brc9 L9-Tpj8 L10-Pzg7 L11-Otu8 L12-Wvu7 L13-Xpz7
L0-Wnk1 L1-Wnk1 L2-N__1 L3-W_m5 L4-Swb9 L5-Eyo4 L6-Uwi0 L7-Say4 L8-Uoq7 L9-Vsr0 L10-Twt8 L11-Jhp0 L12-Brc9 L13-Tpj8
L2-Wnk1 L3-Wnk1 L4-N__1 L5-W_m5 L6-Swb9 L7-Eyo4 L8-Tuk4 L9-Nr_3 L10-Uwi0 L11-Say4 L12-Uoq7 L13-Vsr0
L4-Wnk1 L5-Wnk1 L6-N__1 L7-W_m5 L8-Fhn3 L9-Gda3 L10-Swb9 L11-Eyo4 L12-Tuk4 L13-Nr_3
L6-Wnk1 L7-Wnk1 L8-Wnk1 L9-Wnk1 L10-N__1 L11-W_m5 L12-Fhn3 L13-Gda3
L10-Wnk1 L11-Wnk1 L12-Wnk1 L13-Wnk1
